-------------------------------------------------------------------------------
Test set: ec.ups.edu.modulogrupo.programaMetodosTest
-------------------------------------------------------------------------------
Tests run: 17, Failures: 4, Errors: 0, Skipped: 0, Time elapsed: 0.023 sec <<< FAILURE!
ec.ups.edu.modulogrupo.programaMetodosTest.testCrearAsignatura()  Time elapsed: 0.013 sec  <<< FAILURE!
org.opentest4j.AssertionFailedError: expected: <Asignatura creada correctamente> but was: <>
	at org.junit.jupiter.api.AssertionUtils.fail(AssertionUtils.java:54)
	at org.junit.jupiter.api.AssertEquals.failNotEqual(AssertEquals.java:195)
	at org.junit.jupiter.api.AssertEquals.assertEquals(AssertEquals.java:184)
	at org.junit.jupiter.api.AssertEquals.assertEquals(AssertEquals.java:179)
	at org.junit.jupiter.api.Assertions.assertEquals(Assertions.java:508)
	at ec.ups.edu.modulogrupo.programaMetodosTest.testCrearAsignatura(programaMetodosTest.java:79)

ec.ups.edu.modulogrupo.programaMetodosTest.testCrearNivelAsignatura()  Time elapsed: 0.001 sec  <<< FAILURE!
org.opentest4j.AssertionFailedError: expected: <Creado correctamnete> but was: <>
	at org.junit.jupiter.api.AssertionUtils.fail(AssertionUtils.java:54)
	at org.junit.jupiter.api.AssertEquals.failNotEqual(AssertEquals.java:195)
	at org.junit.jupiter.api.AssertEquals.assertEquals(AssertEquals.java:184)
	at org.junit.jupiter.api.AssertEquals.assertEquals(AssertEquals.java:179)
	at org.junit.jupiter.api.Assertions.assertEquals(Assertions.java:508)
	at ec.ups.edu.modulogrupo.programaMetodosTest.testCrearNivelAsignatura(programaMetodosTest.java:154)

ec.ups.edu.modulogrupo.programaMetodosTest.testEditarAsignatura()  Time elapsed: 0.001 sec  <<< FAILURE!
org.opentest4j.AssertionFailedError: expected: <Creada correctamente> but was: <ingrese solo numeros>
	at org.junit.jupiter.api.AssertionUtils.fail(AssertionUtils.java:54)
	at org.junit.jupiter.api.AssertEquals.failNotEqual(AssertEquals.java:195)
	at org.junit.jupiter.api.AssertEquals.assertEquals(AssertEquals.java:184)
	at org.junit.jupiter.api.AssertEquals.assertEquals(AssertEquals.java:179)
	at org.junit.jupiter.api.Assertions.assertEquals(Assertions.java:508)
	at ec.ups.edu.modulogrupo.programaMetodosTest.testEditarAsignatura(programaMetodosTest.java:98)

ec.ups.edu.modulogrupo.programaMetodosTest.testCrearGrupo()  Time elapsed: 0.003 sec  <<< FAILURE!
org.opentest4j.AssertionFailedError: expected: <Nombre ingresado correctamente> but was: <Ingrese solo numeros para el codigo del espacio fisico>
	at org.junit.jupiter.api.AssertionUtils.fail(AssertionUtils.java:54)
	at org.junit.jupiter.api.AssertEquals.failNotEqual(AssertEquals.java:195)
	at org.junit.jupiter.api.AssertEquals.assertEquals(AssertEquals.java:184)
	at org.junit.jupiter.api.AssertEquals.assertEquals(AssertEquals.java:179)
	at org.junit.jupiter.api.Assertions.assertEquals(Assertions.java:508)
	at ec.ups.edu.modulogrupo.programaMetodosTest.testCrearGrupo(programaMetodosTest.java:59)

