<?xml version="1.0" encoding="UTF-8" ?>
<testsuite tests="17" failures="4" name="ec.ups.edu.modulogrupo.programaMetodosTest" time="0.02" errors="0" skipped="0">
  <properties>
    <property name="java.runtime.name" value="Java(TM) SE Runtime Environment"/>
    <property name="java.vm.version" value="14+36-1461"/>
    <property name="sun.boot.library.path" value="C:\Program Files\Java\jdk-14\bin"/>
    <property name="maven.multiModuleProjectDirectory" value="C:\Users\59396\Downloads\Disk\moduloGrupo\moduloGrupo"/>
    <property name="java.vm.vendor" value="Oracle Corporation"/>
    <property name="java.vendor.url" value="https://java.oracle.com/"/>
    <property name="guice.disable.misplaced.annotation.check" value="true"/>
    <property name="path.separator" value=";"/>
    <property name="java.vm.name" value="Java HotSpot(TM) 64-Bit Server VM"/>
    <property name="sun.os.patch.level" value=""/>
    <property name="user.script" value=""/>
    <property name="user.country" value="US"/>
    <property name="sun.java.launcher" value="SUN_STANDARD"/>
    <property name="test" value="ec.ups.edu.modulogrupo.programaMetodosTest"/>
    <property name="java.vm.specification.name" value="Java Virtual Machine Specification"/>
    <property name="user.dir" value="C:\Users\59396\Downloads\Disk\moduloGrupo\moduloGrupo"/>
    <property name="java.vm.compressedOopsMode" value="Zero based"/>
    <property name="java.runtime.version" value="14+36-1461"/>
    <property name="os.arch" value="amd64"/>
    <property name="java.io.tmpdir" value="C:\Users\59396\AppData\Local\Temp\"/>
    <property name="line.separator" value="
"/>
    <property name="java.vm.specification.vendor" value="Oracle Corporation"/>
    <property name="user.variant" value=""/>
    <property name="os.name" value="Windows 10"/>
    <property name="maven.ext.class.path" value="C:\Program Files\NetBeans-12.0\netbeans\java\maven-nblib\netbeans-eventspy.jar"/>
    <property name="classworlds.conf" value="C:\Program Files\NetBeans-12.0\netbeans\java\maven\bin\..\bin\m2.conf"/>
    <property name="sun.jnu.encoding" value="Cp1252"/>
    <property name="java.library.path" value="C:\Program Files\Java\jdk-14\bin;C:\WINDOWS\Sun\Java\bin;C:\WINDOWS\system32;C:\WINDOWS;C:\oraclexe\app\oracle\product\11.2.0\server\bin;;C:\Program Files (x86)\Common Files\Oracle\Java\javapath;C:\ProgramData\Oracle\Java\javapath;C:\Program Files (x86)\Intel\iCLS Client\;C:\Program Files\Intel\iCLS Client\;C:\WINDOWS\system32;C:\WINDOWS;C:\WINDOWS\System32\Wbem;C:\WINDOWS\System32\WindowsPowerShell\v1.0\;C:\Program Files (x86)\Intel\Intel(R) Management Engine Components\DAL;C:\Program Files\Intel\Intel(R) Management Engine Components\DAL;C:\Program Files (x86)\Intel\Intel(R) Management Engine Components\IPT;C:\Program Files\Intel\Intel(R) Management Engine Components\IPT;C:\WINDOWS\System32\OpenSSH\;C:\Program Files\MATLAB\MATLAB Production Server\R2015a\runtime\win64;C:\Program Files\MATLAB\MATLAB Production Server\R2015a\bin;C:\Program Files\MATLAB\MATLAB Production Server\R2015a\polyspace\bin;C:\Program Files\PuTTY\;C:\Program Files\Intel\WiFi\bin\;C:\Program Files\Common Files\Intel\WirelessCommon\;C:\Users\59396\AppData\Local\Microsoft\WindowsApps;C:\Users\59396\AppData\Local\GitHubDesktop\bin;C:\Users\59396\AppData\Local\Programs\Microsoft VS Code\bin;C:\Users\59396\AppData\Local\Microsoft\WindowsApps;%DASHLANE_DLL_DIR%;."/>
    <property name="maven.conf" value="C:\Program Files\NetBeans-12.0\netbeans\java\maven\bin\../conf"/>
    <property name="jdk.debug" value="release"/>
    <property name="java.class.version" value="58.0"/>
    <property name="java.specification.name" value="Java Platform API Specification"/>
    <property name="sun.management.compiler" value="HotSpot 64-Bit Tiered Compilers"/>
    <property name="os.version" value="10.0"/>
    <property name="library.jansi.path" value="C:\Program Files\NetBeans-12.0\netbeans\java\maven\bin\..\lib\jansi-native"/>
    <property name="user.home" value="C:\Users\59396"/>
    <property name="user.timezone" value="America/Bogota"/>
    <property name="file.encoding" value="UTF-8"/>
    <property name="java.specification.version" value="14"/>
    <property name="user.name" value="59396"/>
    <property name="java.class.path" value="C:\Program Files\NetBeans-12.0\netbeans\java\maven\bin\..\boot\plexus-classworlds-2.6.0.jar"/>
    <property name="java.vm.specification.version" value="14"/>
    <property name="sun.arch.data.model" value="64"/>
    <property name="sun.java.command" value="org.codehaus.plexus.classworlds.launcher.Launcher -Dtest=ec.ups.edu.modulogrupo.programaMetodosTest -Dmaven.ext.class.path=C:\Program Files\NetBeans-12.0\netbeans\java\maven-nblib\netbeans-eventspy.jar -Dfile.encoding=UTF-8 surefire:test"/>
    <property name="java.home" value="C:\Program Files\Java\jdk-14"/>
    <property name="user.language" value="en"/>
    <property name="java.specification.vendor" value="Oracle Corporation"/>
    <property name="java.vm.info" value="mixed mode, sharing"/>
    <property name="java.version" value="14"/>
    <property name="java.vendor" value="Oracle Corporation"/>
    <property name="maven.home" value="C:\Program Files\NetBeans-12.0\netbeans\java\maven\bin\.."/>
    <property name="file.separator" value="\"/>
    <property name="java.version.date" value="2020-03-17"/>
    <property name="java.vendor.url.bug" value="https://bugreport.java.com/bugreport/"/>
    <property name="sun.io.unicode.encoding" value="UnicodeLittle"/>
    <property name="sun.cpu.endian" value="little"/>
    <property name="sun.cpu.isalist" value="amd64"/>
  </properties>
  <testcase classname="ec.ups.edu.modulogrupo.programaMetodosTest" name="ec.ups.edu.modulogrupo.programaMetodosTest.testCrearAsignatura" time="0.013">
    <failure message="expected: &lt;Asignatura creada correctamente&gt; but was: &lt;&gt;" type="org.opentest4j.AssertionFailedError">org.opentest4j.AssertionFailedError: expected: &lt;Asignatura creada correctamente&gt; but was: &lt;&gt;
	at org.junit.jupiter.api.AssertionUtils.fail(AssertionUtils.java:54)
	at org.junit.jupiter.api.AssertEquals.failNotEqual(AssertEquals.java:195)
	at org.junit.jupiter.api.AssertEquals.assertEquals(AssertEquals.java:184)
	at org.junit.jupiter.api.AssertEquals.assertEquals(AssertEquals.java:179)
	at org.junit.jupiter.api.Assertions.assertEquals(Assertions.java:508)
	at ec.ups.edu.modulogrupo.programaMetodosTest.testCrearAsignatura(programaMetodosTest.java:79)
</failure>
    <system-out>crearAsignatura
</system-out>
  </testcase>
  <testcase classname="ec.ups.edu.modulogrupo.programaMetodosTest" name="ec.ups.edu.modulogrupo.programaMetodosTest.testListarAsignatura" time="0.001"/>
  <testcase classname="ec.ups.edu.modulogrupo.programaMetodosTest" name="ec.ups.edu.modulogrupo.programaMetodosTest.testEditarNivelAsignatura" time="0"/>
  <testcase classname="ec.ups.edu.modulogrupo.programaMetodosTest" name="ec.ups.edu.modulogrupo.programaMetodosTest.testEliminarNivelAsignatura" time="0"/>
  <testcase classname="ec.ups.edu.modulogrupo.programaMetodosTest" name="ec.ups.edu.modulogrupo.programaMetodosTest.testListarNivelAsignatura" time="0"/>
  <testcase classname="ec.ups.edu.modulogrupo.programaMetodosTest" name="ec.ups.edu.modulogrupo.programaMetodosTest.testCrearModalidadCarrera" time="0"/>
  <testcase classname="ec.ups.edu.modulogrupo.programaMetodosTest" name="ec.ups.edu.modulogrupo.programaMetodosTest.testEditarModalidadCarrera" time="0"/>
  <testcase classname="ec.ups.edu.modulogrupo.programaMetodosTest" name="ec.ups.edu.modulogrupo.programaMetodosTest.testEliminarModalidadCarrera" time="0"/>
  <testcase classname="ec.ups.edu.modulogrupo.programaMetodosTest" name="ec.ups.edu.modulogrupo.programaMetodosTest.testListarModalidadCarrera" time="0"/>
  <testcase classname="ec.ups.edu.modulogrupo.programaMetodosTest" name="ec.ups.edu.modulogrupo.programaMetodosTest.testCrearEspacioFisico" time="0"/>
  <testcase classname="ec.ups.edu.modulogrupo.programaMetodosTest" name="ec.ups.edu.modulogrupo.programaMetodosTest.testEditarEspacioFisico" time="0"/>
  <testcase classname="ec.ups.edu.modulogrupo.programaMetodosTest" name="ec.ups.edu.modulogrupo.programaMetodosTest.testCrearNivelAsignatura" time="0.001">
    <failure message="expected: &lt;Creado correctamnete&gt; but was: &lt;&gt;" type="org.opentest4j.AssertionFailedError">org.opentest4j.AssertionFailedError: expected: &lt;Creado correctamnete&gt; but was: &lt;&gt;
	at org.junit.jupiter.api.AssertionUtils.fail(AssertionUtils.java:54)
	at org.junit.jupiter.api.AssertEquals.failNotEqual(AssertEquals.java:195)
	at org.junit.jupiter.api.AssertEquals.assertEquals(AssertEquals.java:184)
	at org.junit.jupiter.api.AssertEquals.assertEquals(AssertEquals.java:179)
	at org.junit.jupiter.api.Assertions.assertEquals(Assertions.java:508)
	at ec.ups.edu.modulogrupo.programaMetodosTest.testCrearNivelAsignatura(programaMetodosTest.java:154)
</failure>
    <system-out>crearNivelAsignatura
</system-out>
  </testcase>
  <testcase classname="ec.ups.edu.modulogrupo.programaMetodosTest" name="ec.ups.edu.modulogrupo.programaMetodosTest.testEditarAsignatura" time="0.001">
    <failure message="expected: &lt;Creada correctamente&gt; but was: &lt;ingrese solo numeros&gt;" type="org.opentest4j.AssertionFailedError">org.opentest4j.AssertionFailedError: expected: &lt;Creada correctamente&gt; but was: &lt;ingrese solo numeros&gt;
	at org.junit.jupiter.api.AssertionUtils.fail(AssertionUtils.java:54)
	at org.junit.jupiter.api.AssertEquals.failNotEqual(AssertEquals.java:195)
	at org.junit.jupiter.api.AssertEquals.assertEquals(AssertEquals.java:184)
	at org.junit.jupiter.api.AssertEquals.assertEquals(AssertEquals.java:179)
	at org.junit.jupiter.api.Assertions.assertEquals(Assertions.java:508)
	at ec.ups.edu.modulogrupo.programaMetodosTest.testEditarAsignatura(programaMetodosTest.java:98)
</failure>
    <system-out>editarAsignatura
</system-out>
  </testcase>
  <testcase classname="ec.ups.edu.modulogrupo.programaMetodosTest" name="ec.ups.edu.modulogrupo.programaMetodosTest.testEliminarAsignatura" time="0.001"/>
  <testcase classname="ec.ups.edu.modulogrupo.programaMetodosTest" name="ec.ups.edu.modulogrupo.programaMetodosTest.testEliminarEspacioFisico" time="0"/>
  <testcase classname="ec.ups.edu.modulogrupo.programaMetodosTest" name="ec.ups.edu.modulogrupo.programaMetodosTest.testListarEspacioFisico" time="0"/>
  <testcase classname="ec.ups.edu.modulogrupo.programaMetodosTest" name="ec.ups.edu.modulogrupo.programaMetodosTest.testCrearGrupo" time="0.003">
    <failure message="expected: &lt;Nombre ingresado correctamente&gt; but was: &lt;Ingrese solo numeros para el codigo del espacio fisico&gt;" type="org.opentest4j.AssertionFailedError">org.opentest4j.AssertionFailedError: expected: &lt;Nombre ingresado correctamente&gt; but was: &lt;Ingrese solo numeros para el codigo del espacio fisico&gt;
	at org.junit.jupiter.api.AssertionUtils.fail(AssertionUtils.java:54)
	at org.junit.jupiter.api.AssertEquals.failNotEqual(AssertEquals.java:195)
	at org.junit.jupiter.api.AssertEquals.assertEquals(AssertEquals.java:184)
	at org.junit.jupiter.api.AssertEquals.assertEquals(AssertEquals.java:179)
	at org.junit.jupiter.api.Assertions.assertEquals(Assertions.java:508)
	at ec.ups.edu.modulogrupo.programaMetodosTest.testCrearGrupo(programaMetodosTest.java:59)
</failure>
    <system-out>crearGrupo
</system-out>
  </testcase>
</testsuite>