<?xml version="1.0" encoding="UTF-8" ?>
<testsuite tests="17" failures="4" name="ec.ups.edu.modulogrupo.programaMetodosTest" time="0.02" errors="0" skipped="0">
  <properties>
[...]
</properties>
  <testcase classname="ec.ups.edu.modulogrupo.programaMetodosTest" name="ec.ups.edu.modulogrupo.programaMetodosTest.testCrearAsignatura" time="0.013">
    <failure message="expected: &lt;Asignatura creada correctamente&gt; but was: &lt;&gt;" type="org.opentest4j.AssertionFailedError">org.opentest4j.AssertionFailedError: expected: &lt;Asignatura creada correctamente&gt; but was: &lt;&gt;
	at org.junit.jupiter.api.AssertionUtils.fail(AssertionUtils.java:54)
	at org.junit.jupiter.api.AssertEquals.failNotEqual(AssertEquals.java:195)
	at org.junit.jupiter.api.AssertEquals.assertEquals(AssertEquals.java:184)
	at org.junit.jupiter.api.AssertEquals.assertEquals(AssertEquals.java:179)
	at org.junit.jupiter.api.Assertions.assertEquals(Assertions.java:508)
	at ec.ups.edu.modulogrupo.programaMetodosTest.testCrearAsignatura(programaMetodosTest.java:79)
</failure>
    <system-out>crearAsignatura
</system-out>
  </testcase>
  <testcase classname="ec.ups.edu.modulogrupo.programaMetodosTest" name="ec.ups.edu.modulogrupo.programaMetodosTest.testListarAsignatura" time="0.001"/>
  <testcase classname="ec.ups.edu.modulogrupo.programaMetodosTest" name="ec.ups.edu.modulogrupo.programaMetodosTest.testEditarNivelAsignatura" time="0"/>
  <testcase classname="ec.ups.edu.modulogrupo.programaMetodosTest" name="ec.ups.edu.modulogrupo.programaMetodosTest.testEliminarNivelAsignatura" time="0"/>
  <testcase classname="ec.ups.edu.modulogrupo.programaMetodosTest" name="ec.ups.edu.modulogrupo.programaMetodosTest.testListarNivelAsignatura" time="0"/>
  <testcase classname="ec.ups.edu.modulogrupo.programaMetodosTest" name="ec.ups.edu.modulogrupo.programaMetodosTest.testCrearModalidadCarrera" time="0"/>
  <testcase classname="ec.ups.edu.modulogrupo.programaMetodosTest" name="ec.ups.edu.modulogrupo.programaMetodosTest.testEditarModalidadCarrera" time="0"/>
  <testcase classname="ec.ups.edu.modulogrupo.programaMetodosTest" name="ec.ups.edu.modulogrupo.programaMetodosTest.testEliminarModalidadCarrera" time="0"/>
  <testcase classname="ec.ups.edu.modulogrupo.programaMetodosTest" name="ec.ups.edu.modulogrupo.programaMetodosTest.testListarModalidadCarrera" time="0"/>
  <testcase classname="ec.ups.edu.modulogrupo.programaMetodosTest" name="ec.ups.edu.modulogrupo.programaMetodosTest.testCrearEspacioFisico" time="0"/>
  <testcase classname="ec.ups.edu.modulogrupo.programaMetodosTest" name="ec.ups.edu.modulogrupo.programaMetodosTest.testEditarEspacioFisico" time="0"/>
  <testcase classname="ec.ups.edu.modulogrupo.programaMetodosTest" name="ec.ups.edu.modulogrupo.programaMetodosTest.testCrearNivelAsignatura" time="0.001">
    <failure message="expected: &lt;Creado correctamnete&gt; but was: &lt;&gt;" type="org.opentest4j.AssertionFailedError">org.opentest4j.AssertionFailedError: expected: &lt;Creado correctamnete&gt; but was: &lt;&gt;
	at org.junit.jupiter.api.AssertionUtils.fail(AssertionUtils.java:54)
	at org.junit.jupiter.api.AssertEquals.failNotEqual(AssertEquals.java:195)
	at org.junit.jupiter.api.AssertEquals.assertEquals(AssertEquals.java:184)
	at org.junit.jupiter.api.AssertEquals.assertEquals(AssertEquals.java:179)
	at org.junit.jupiter.api.Assertions.assertEquals(Assertions.java:508)
	at ec.ups.edu.modulogrupo.programaMetodosTest.testCrearNivelAsignatura(programaMetodosTest.java:154)
</failure>
    <system-out>crearNivelAsignatura
</system-out>
  </testcase>
  <testcase classname="ec.ups.edu.modulogrupo.programaMetodosTest" name="ec.ups.edu.modulogrupo.programaMetodosTest.testEditarAsignatura" time="0.001">
    <failure message="expected: &lt;Creada correctamente&gt; but was: &lt;ingrese solo numeros&gt;" type="org.opentest4j.AssertionFailedError">org.opentest4j.AssertionFailedError: expected: &lt;Creada correctamente&gt; but was: &lt;ingrese solo numeros&gt;
	at org.junit.jupiter.api.AssertionUtils.fail(AssertionUtils.java:54)
	at org.junit.jupiter.api.AssertEquals.failNotEqual(AssertEquals.java:195)
	at org.junit.jupiter.api.AssertEquals.assertEquals(AssertEquals.java:184)
	at org.junit.jupiter.api.AssertEquals.assertEquals(AssertEquals.java:179)
	at org.junit.jupiter.api.Assertions.assertEquals(Assertions.java:508)
	at ec.ups.edu.modulogrupo.programaMetodosTest.testEditarAsignatura(programaMetodosTest.java:98)
</failure>
    <system-out>editarAsignatura
</system-out>
  </testcase>
  <testcase classname="ec.ups.edu.modulogrupo.programaMetodosTest" name="ec.ups.edu.modulogrupo.programaMetodosTest.testEliminarAsignatura" time="0.001"/>
  <testcase classname="ec.ups.edu.modulogrupo.programaMetodosTest" name="ec.ups.edu.modulogrupo.programaMetodosTest.testEliminarEspacioFisico" time="0"/>
  <testcase classname="ec.ups.edu.modulogrupo.programaMetodosTest" name="ec.ups.edu.modulogrupo.programaMetodosTest.testListarEspacioFisico" time="0"/>
  <testcase classname="ec.ups.edu.modulogrupo.programaMetodosTest" name="ec.ups.edu.modulogrupo.programaMetodosTest.testCrearGrupo" time="0.003">
    <failure message="expected: &lt;Nombre ingresado correctamente&gt; but was: &lt;Ingrese solo numeros para el codigo del espacio fisico&gt;" type="org.opentest4j.AssertionFailedError">org.opentest4j.AssertionFailedError: expected: &lt;Nombre ingresado correctamente&gt; but was: &lt;Ingrese solo numeros para el codigo del espacio fisico&gt;
	at org.junit.jupiter.api.AssertionUtils.fail(AssertionUtils.java:54)
	at org.junit.jupiter.api.AssertEquals.failNotEqual(AssertEquals.java:195)
	at org.junit.jupiter.api.AssertEquals.assertEquals(AssertEquals.java:184)
	at org.junit.jupiter.api.AssertEquals.assertEquals(AssertEquals.java:179)
	at org.junit.jupiter.api.Assertions.assertEquals(Assertions.java:508)
	at ec.ups.edu.modulogrupo.programaMetodosTest.testCrearGrupo(programaMetodosTest.java:59)
</failure>
    <system-out>crearGrupo
</system-out>
  </testcase>
</testsuite>