<?xml version="1.0" encoding="UTF-8" ?>
<testsuite tests="22" failures="14" name="com.mycompany.modulogrupo.programaMetodosTest" time="0.062" errors="0" skipped="0">
  <properties>
[...]
</properties>
  <testcase classname="com.mycompany.modulogrupo.programaMetodosTest" name="com.mycompany.modulogrupo.programaMetodosTest.testCrearGrupo" time="0.043">
    <failure message="expected: &lt;Nombre ingresado correctamente&gt; but was: &lt;el codigo debe tener solo numeros&gt;" type="org.opentest4j.AssertionFailedError">org.opentest4j.AssertionFailedError: expected: &lt;Nombre ingresado correctamente&gt; but was: &lt;el codigo debe tener solo numeros&gt;
	at org.junit.jupiter.api.AssertionUtils.fail(AssertionUtils.java:54)
	at org.junit.jupiter.api.AssertEquals.failNotEqual(AssertEquals.java:195)
	at org.junit.jupiter.api.AssertEquals.assertEquals(AssertEquals.java:184)
	at org.junit.jupiter.api.AssertEquals.assertEquals(AssertEquals.java:179)
	at org.junit.jupiter.api.Assertions.assertEquals(Assertions.java:508)
	at com.mycompany.modulogrupo.programaMetodosTest.testCrearGrupo(programaMetodosTest.java:54)
</failure>
    <system-out>crearGrupo
</system-out>
  </testcase>
  <testcase classname="com.mycompany.modulogrupo.programaMetodosTest" name="com.mycompany.modulogrupo.programaMetodosTest.testCrearDocente" time="0">
    <failure message="expected: &lt;sexo ingresado correctamente&gt; but was: &lt;Cedula Correcta&gt;" type="org.opentest4j.AssertionFailedError">org.opentest4j.AssertionFailedError: expected: &lt;sexo ingresado correctamente&gt; but was: &lt;Cedula Correcta&gt;
	at org.junit.jupiter.api.AssertionUtils.fail(AssertionUtils.java:54)
	at org.junit.jupiter.api.AssertEquals.failNotEqual(AssertEquals.java:195)
	at org.junit.jupiter.api.AssertEquals.assertEquals(AssertEquals.java:184)
	at org.junit.jupiter.api.AssertEquals.assertEquals(AssertEquals.java:179)
	at org.junit.jupiter.api.Assertions.assertEquals(Assertions.java:508)
	at com.mycompany.modulogrupo.programaMetodosTest.testCrearDocente(programaMetodosTest.java:79)
</failure>
    <system-out>crearDocente
</system-out>
  </testcase>
  <testcase classname="com.mycompany.modulogrupo.programaMetodosTest" name="com.mycompany.modulogrupo.programaMetodosTest.testModificarDocente" time="0.001">
    <failure message="expected: &lt;correcto&gt; but was: &lt;Cedula Correcta&gt;" type="org.opentest4j.AssertionFailedError">org.opentest4j.AssertionFailedError: expected: &lt;correcto&gt; but was: &lt;Cedula Correcta&gt;
	at org.junit.jupiter.api.AssertionUtils.fail(AssertionUtils.java:54)
	at org.junit.jupiter.api.AssertEquals.failNotEqual(AssertEquals.java:195)
	at org.junit.jupiter.api.AssertEquals.assertEquals(AssertEquals.java:184)
	at org.junit.jupiter.api.AssertEquals.assertEquals(AssertEquals.java:179)
	at org.junit.jupiter.api.Assertions.assertEquals(Assertions.java:508)
	at com.mycompany.modulogrupo.programaMetodosTest.testModificarDocente(programaMetodosTest.java:102)
</failure>
    <system-out>modificarDocente
</system-out>
  </testcase>
  <testcase classname="com.mycompany.modulogrupo.programaMetodosTest" name="com.mycompany.modulogrupo.programaMetodosTest.testBuscarDocente" time="0"/>
  <testcase classname="com.mycompany.modulogrupo.programaMetodosTest" name="com.mycompany.modulogrupo.programaMetodosTest.testEliminarDocente" time="0"/>
  <testcase classname="com.mycompany.modulogrupo.programaMetodosTest" name="com.mycompany.modulogrupo.programaMetodosTest.testValidarCedula" time="0.001"/>
  <testcase classname="com.mycompany.modulogrupo.programaMetodosTest" name="com.mycompany.modulogrupo.programaMetodosTest.testCrearAsignatura" time="0.001">
    <failure message="expected: &lt;correctamente&gt; but was: &lt;Ingrese solo letras&gt;" type="org.opentest4j.AssertionFailedError">org.opentest4j.AssertionFailedError: expected: &lt;correctamente&gt; but was: &lt;Ingrese solo letras&gt;
	at org.junit.jupiter.api.AssertionUtils.fail(AssertionUtils.java:54)
	at org.junit.jupiter.api.AssertEquals.failNotEqual(AssertEquals.java:195)
	at org.junit.jupiter.api.AssertEquals.assertEquals(AssertEquals.java:184)
	at org.junit.jupiter.api.AssertEquals.assertEquals(AssertEquals.java:179)
	at org.junit.jupiter.api.Assertions.assertEquals(Assertions.java:508)
	at com.mycompany.modulogrupo.programaMetodosTest.testCrearAsignatura(programaMetodosTest.java:174)
</failure>
    <system-out>crearAsignatura
</system-out>
  </testcase>
  <testcase classname="com.mycompany.modulogrupo.programaMetodosTest" name="com.mycompany.modulogrupo.programaMetodosTest.testEditarAsignatura" time="0.001">
    <failure message="expected: &lt;correcto&gt; but was: &lt;Ingrese solo letras&gt;" type="org.opentest4j.AssertionFailedError">org.opentest4j.AssertionFailedError: expected: &lt;correcto&gt; but was: &lt;Ingrese solo letras&gt;
	at org.junit.jupiter.api.AssertionUtils.fail(AssertionUtils.java:54)
	at org.junit.jupiter.api.AssertEquals.failNotEqual(AssertEquals.java:195)
	at org.junit.jupiter.api.AssertEquals.assertEquals(AssertEquals.java:184)
	at org.junit.jupiter.api.AssertEquals.assertEquals(AssertEquals.java:179)
	at org.junit.jupiter.api.Assertions.assertEquals(Assertions.java:508)
	at com.mycompany.modulogrupo.programaMetodosTest.testEditarAsignatura(programaMetodosTest.java:193)
</failure>
    <system-out>editarAsignatura
</system-out>
  </testcase>
  <testcase classname="com.mycompany.modulogrupo.programaMetodosTest" name="com.mycompany.modulogrupo.programaMetodosTest.testEliminarAsignatura" time="0"/>
  <testcase classname="com.mycompany.modulogrupo.programaMetodosTest" name="com.mycompany.modulogrupo.programaMetodosTest.testListarAsignatura" time="0"/>
  <testcase classname="com.mycompany.modulogrupo.programaMetodosTest" name="com.mycompany.modulogrupo.programaMetodosTest.testCrearNivelAsignatura" time="0.003">
    <failure message="expected: &lt;Descripcion del nivel de asignatura creada correctamente&gt; but was: &lt;Solo numeros&gt;" type="org.opentest4j.AssertionFailedError">org.opentest4j.AssertionFailedError: expected: &lt;Descripcion del nivel de asignatura creada correctamente&gt; but was: &lt;Solo numeros&gt;
	at org.junit.jupiter.api.AssertionUtils.fail(AssertionUtils.java:54)
	at org.junit.jupiter.api.AssertEquals.failNotEqual(AssertEquals.java:195)
	at org.junit.jupiter.api.AssertEquals.assertEquals(AssertEquals.java:184)
	at org.junit.jupiter.api.AssertEquals.assertEquals(AssertEquals.java:179)
	at org.junit.jupiter.api.Assertions.assertEquals(Assertions.java:508)
	at com.mycompany.modulogrupo.programaMetodosTest.testCrearNivelAsignatura(programaMetodosTest.java:249)
</failure>
    <system-out>crearNivelAsignatura
</system-out>
  </testcase>
  <testcase classname="com.mycompany.modulogrupo.programaMetodosTest" name="com.mycompany.modulogrupo.programaMetodosTest.testEditarNivelAsignatura" time="0.003">
    <failure message="expected: &lt;Ingrese una nueva descripcion de la asignatura&gt; but was: &lt;Descripcion del nivel de asignatura creada correctamente&gt;" type="org.opentest4j.AssertionFailedError">org.opentest4j.AssertionFailedError: expected: &lt;Ingrese una nueva descripcion de la asignatura&gt; but was: &lt;Descripcion del nivel de asignatura creada correctamente&gt;
	at org.junit.jupiter.api.AssertionUtils.fail(AssertionUtils.java:54)
	at org.junit.jupiter.api.AssertEquals.failNotEqual(AssertEquals.java:195)
	at org.junit.jupiter.api.AssertEquals.assertEquals(AssertEquals.java:184)
	at org.junit.jupiter.api.AssertEquals.assertEquals(AssertEquals.java:179)
	at org.junit.jupiter.api.Assertions.assertEquals(Assertions.java:508)
	at com.mycompany.modulogrupo.programaMetodosTest.testEditarNivelAsignatura(programaMetodosTest.java:267)
</failure>
    <system-out>editarNivelAsignatura
</system-out>
  </testcase>
  <testcase classname="com.mycompany.modulogrupo.programaMetodosTest" name="com.mycompany.modulogrupo.programaMetodosTest.testEliminarNivelAsignatura" time="0.002">
    <failure message="expected: &lt;codigo del nivel creado correctamnete&gt; but was: &lt;Solo numeros&gt;" type="org.opentest4j.AssertionFailedError">org.opentest4j.AssertionFailedError: expected: &lt;codigo del nivel creado correctamnete&gt; but was: &lt;Solo numeros&gt;
	at org.junit.jupiter.api.AssertionUtils.fail(AssertionUtils.java:54)
	at org.junit.jupiter.api.AssertEquals.failNotEqual(AssertEquals.java:195)
	at org.junit.jupiter.api.AssertEquals.assertEquals(AssertEquals.java:184)
	at org.junit.jupiter.api.AssertEquals.assertEquals(AssertEquals.java:179)
	at org.junit.jupiter.api.Assertions.assertEquals(Assertions.java:508)
	at com.mycompany.modulogrupo.programaMetodosTest.testEliminarNivelAsignatura(programaMetodosTest.java:285)
</failure>
    <system-out>EliminarNivelAsignatura
</system-out>
  </testcase>
  <testcase classname="com.mycompany.modulogrupo.programaMetodosTest" name="com.mycompany.modulogrupo.programaMetodosTest.testListarNivelAsignatura" time="0.002">
    <failure message="expected: &lt;mostrar datos del nivel de las asignatura&gt; but was: &lt;Solo numeros&gt;" type="org.opentest4j.AssertionFailedError">org.opentest4j.AssertionFailedError: expected: &lt;mostrar datos del nivel de las asignatura&gt; but was: &lt;Solo numeros&gt;
	at org.junit.jupiter.api.AssertionUtils.fail(AssertionUtils.java:54)
	at org.junit.jupiter.api.AssertEquals.failNotEqual(AssertEquals.java:195)
	at org.junit.jupiter.api.AssertEquals.assertEquals(AssertEquals.java:184)
	at org.junit.jupiter.api.AssertEquals.assertEquals(AssertEquals.java:179)
	at org.junit.jupiter.api.Assertions.assertEquals(Assertions.java:508)
	at com.mycompany.modulogrupo.programaMetodosTest.testListarNivelAsignatura(programaMetodosTest.java:303)
</failure>
    <system-out>listarNivelAsignatura
</system-out>
  </testcase>
  <testcase classname="com.mycompany.modulogrupo.programaMetodosTest" name="com.mycompany.modulogrupo.programaMetodosTest.testCrearModalidadCarrera" time="0.001">
    <failure message="expected: &lt;modalidad creada&gt; but was: &lt;Solo numeros&gt;" type="org.opentest4j.AssertionFailedError">org.opentest4j.AssertionFailedError: expected: &lt;modalidad creada&gt; but was: &lt;Solo numeros&gt;
	at org.junit.jupiter.api.AssertionUtils.fail(AssertionUtils.java:54)
	at org.junit.jupiter.api.AssertEquals.failNotEqual(AssertEquals.java:195)
	at org.junit.jupiter.api.AssertEquals.assertEquals(AssertEquals.java:184)
	at org.junit.jupiter.api.AssertEquals.assertEquals(AssertEquals.java:179)
	at org.junit.jupiter.api.Assertions.assertEquals(Assertions.java:508)
	at com.mycompany.modulogrupo.programaMetodosTest.testCrearModalidadCarrera(programaMetodosTest.java:322)
</failure>
    <system-out>crearModalidadCarrera
</system-out>
  </testcase>
  <testcase classname="com.mycompany.modulogrupo.programaMetodosTest" name="com.mycompany.modulogrupo.programaMetodosTest.testEditarModalidadCarrera" time="0"/>
  <testcase classname="com.mycompany.modulogrupo.programaMetodosTest" name="com.mycompany.modulogrupo.programaMetodosTest.testEliminarModalidadCarrera" time="0"/>
  <testcase classname="com.mycompany.modulogrupo.programaMetodosTest" name="com.mycompany.modulogrupo.programaMetodosTest.testListarModalidadCarrera" time="0"/>
  <testcase classname="com.mycompany.modulogrupo.programaMetodosTest" name="com.mycompany.modulogrupo.programaMetodosTest.testCrearEspacioFisico" time="0.001">
    <failure message="expected: &lt;edificio registrado correctment&gt; but was: &lt;ingrese solo numeros&gt;" type="org.opentest4j.AssertionFailedError">org.opentest4j.AssertionFailedError: expected: &lt;edificio registrado correctment&gt; but was: &lt;ingrese solo numeros&gt;
	at org.junit.jupiter.api.AssertionUtils.fail(AssertionUtils.java:54)
	at org.junit.jupiter.api.AssertEquals.failNotEqual(AssertEquals.java:195)
	at org.junit.jupiter.api.AssertEquals.assertEquals(AssertEquals.java:184)
	at org.junit.jupiter.api.AssertEquals.assertEquals(AssertEquals.java:179)
	at org.junit.jupiter.api.Assertions.assertEquals(Assertions.java:508)
	at com.mycompany.modulogrupo.programaMetodosTest.testCrearEspacioFisico(programaMetodosTest.java:396)
</failure>
    <system-out>crearEspacioFisico
</system-out>
  </testcase>
  <testcase classname="com.mycompany.modulogrupo.programaMetodosTest" name="com.mycompany.modulogrupo.programaMetodosTest.testEditarEspacioFisico" time="0.001">
    <failure message="expected: &lt;Edificio cambiado correctamente&gt; but was: &lt;&gt;" type="org.opentest4j.AssertionFailedError">org.opentest4j.AssertionFailedError: expected: &lt;Edificio cambiado correctamente&gt; but was: &lt;&gt;
	at org.junit.jupiter.api.AssertionUtils.fail(AssertionUtils.java:54)
	at org.junit.jupiter.api.AssertEquals.failNotEqual(AssertEquals.java:195)
	at org.junit.jupiter.api.AssertEquals.assertEquals(AssertEquals.java:184)
	at org.junit.jupiter.api.AssertEquals.assertEquals(AssertEquals.java:179)
	at org.junit.jupiter.api.Assertions.assertEquals(Assertions.java:508)
	at com.mycompany.modulogrupo.programaMetodosTest.testEditarEspacioFisico(programaMetodosTest.java:415)
</failure>
    <system-out>editarEspacioFisico
</system-out>
  </testcase>
  <testcase classname="com.mycompany.modulogrupo.programaMetodosTest" name="com.mycompany.modulogrupo.programaMetodosTest.testEliminarEspacioFisico" time="0.001">
    <failure message="expected: &lt;no existe espacio con ese codigo&gt; but was: &lt;espacio eliminado&gt;" type="org.opentest4j.AssertionFailedError">org.opentest4j.AssertionFailedError: expected: &lt;no existe espacio con ese codigo&gt; but was: &lt;espacio eliminado&gt;
	at org.junit.jupiter.api.AssertionUtils.fail(AssertionUtils.java:54)
	at org.junit.jupiter.api.AssertEquals.failNotEqual(AssertEquals.java:195)
	at org.junit.jupiter.api.AssertEquals.assertEquals(AssertEquals.java:184)
	at org.junit.jupiter.api.AssertEquals.assertEquals(AssertEquals.java:179)
	at org.junit.jupiter.api.Assertions.assertEquals(Assertions.java:508)
	at com.mycompany.modulogrupo.programaMetodosTest.testEliminarEspacioFisico(programaMetodosTest.java:433)
</failure>
    <system-out>eliminarEspacioFisico
</system-out>
  </testcase>
  <testcase classname="com.mycompany.modulogrupo.programaMetodosTest" name="com.mycompany.modulogrupo.programaMetodosTest.testListarEspacioFisico" time="0.001">
    <failure message="expected: &lt;Mostrar datos espacio fisico&gt; but was: &lt;Error, no existen datos con ese codig&gt;" type="org.opentest4j.AssertionFailedError">org.opentest4j.AssertionFailedError: expected: &lt;Mostrar datos espacio fisico&gt; but was: &lt;Error, no existen datos con ese codig&gt;
	at org.junit.jupiter.api.AssertionUtils.fail(AssertionUtils.java:54)
	at org.junit.jupiter.api.AssertEquals.failNotEqual(AssertEquals.java:195)
	at org.junit.jupiter.api.AssertEquals.assertEquals(AssertEquals.java:184)
	at org.junit.jupiter.api.AssertEquals.assertEquals(AssertEquals.java:179)
	at org.junit.jupiter.api.Assertions.assertEquals(Assertions.java:508)
	at com.mycompany.modulogrupo.programaMetodosTest.testListarEspacioFisico(programaMetodosTest.java:451)
</failure>
    <system-out>listarEspacioFisico
</system-out>
  </testcase>
</testsuite>