<?xml version="1.0" encoding="UTF-8" ?>
<testsuite tests="4" failures="0" name="ec.ups.edu.Controlador.ControladorEspecialidadTest" time="0.002" errors="0" skipped="0">
  <properties>
[...]
</properties>
  <testcase classname="ec.ups.edu.Controlador.ControladorEspecialidadTest" name="ec.ups.edu.Controlador.ControladorEspecialidadTest.testListarEspecialidad" time="0.002"/>
  <testcase classname="ec.ups.edu.Controlador.ControladorEspecialidadTest" name="ec.ups.edu.Controlador.ControladorEspecialidadTest.testEliminarEspecialidad" time="0"/>
  <testcase classname="ec.ups.edu.Controlador.ControladorEspecialidadTest" name="ec.ups.edu.Controlador.ControladorEspecialidadTest.testCrearEspecialidad" time="0"/>
  <testcase classname="ec.ups.edu.Controlador.ControladorEspecialidadTest" name="ec.ups.edu.Controlador.ControladorEspecialidadTest.testModificarEspecialidad" time="0"/>
</testsuite>